<?xml version="1.0" encoding="UTF-8"?>
<!-- Generated by org.testng.reporters.JUnitReportReporter -->
<testsuite name="practice.TestNGAnnotationsDemoSixteen" tests="3" time="46.484" ignored="0" failures="0" timestamp="31 May 2018 12:12:36 GMT" skipped="0" hostname="NEWNODE64" errors="0">
  <testcase name="testLogin" time="16.706" classname="practice.TestNGAnnotationsDemoSixteen"/>
  <testcase name="testLogin3" time="15.325" classname="practice.TestNGAnnotationsDemoSixteen"/>
  <testcase name="testLogin2" time="14.453" classname="practice.TestNGAnnotationsDemoSixteen"/>
</testsuite> <!-- practice.TestNGAnnotationsDemoSixteen -->
